{"/home/aka-hajime/Documents/Projetos/Caixa/SIGAM/projeto-home/jest-global-mocks.ts": {"path":"/home/aka-hajime/Documents/Projetos/Caixa/SIGAM/projeto-home/jest-global-mocks.ts","statementMap":{"0":{"start":{"line":1,"column":0},"end":{"line":1,"column":37}},"1":{"start":{"line":3,"column":0},"end":{"line":3,"column":54}},"2":{"start":{"line":5,"column":0},"end":{"line":7,"column":3}},"3":{"start":{"line":9,"column":0},"end":{"line":16,"column":3}},"4":{"start":{"line":11,"column":4},"end":{"line":14,"column":6}},"5":{"start":{"line":22,"column":0},"end":{"line":29,"column":3}},"6":{"start":{"line":24,"column":4},"end":{"line":27,"column":6}},"7":{"start":{"line":31,"column":0},"end":{"line":31,"column":98}}},"fnMap":{"0":{"name":"(anonymous_0)","decl":{"start":{"line":10,"column":9},"end":{"line":10,"column":12}},"loc":{"start":{"line":10,"column":14},"end":{"line":15,"column":3}}},"1":{"name":"(anonymous_1)","decl":{"start":{"line":23,"column":9},"end":{"line":23,"column":12}},"loc":{"start":{"line":23,"column":14},"end":{"line":28,"column":3}}}},"branchMap":{},"s":{"0":1,"1":1,"2":1,"3":1,"4":0,"5":1,"6":0,"7":1},"f":{"0":0,"1":0},"b":{}}
,"/home/aka-hajime/Documents/Projetos/Caixa/SIGAM/projeto-home/src/app/app.component.html": {"path":"/home/aka-hajime/Documents/Projetos/Caixa/SIGAM/projeto-home/src/app/app.component.html","statementMap":{"0":{"start":{"line":1,"column":0},"end":{"line":1,"column":25836}}},"fnMap":{},"branchMap":{},"s":{"0":1},"f":{},"b":{},"_coverageSchema":"1a1c01bbd47fc00a2c39e90264f33305004495a9","hash":"2315d33a5af198dd8fb81f8a7a2990eaa3078f25"}
,"/home/aka-hajime/Documents/Projetos/Caixa/SIGAM/projeto-home/src/app/app.component.ts": {"path":"/home/aka-hajime/Documents/Projetos/Caixa/SIGAM/projeto-home/src/app/app.component.ts","statementMap":{"0":{"start":{"line":1,"column":0},"end":{"line":1,"column":42}},"1":{"start":{"line":8,"column":25},"end":{"line":10,"column":null}},"2":{"start":{"line":9,"column":2},"end":{"line":9,"column":25}},"3":{"start":{"line":8,"column":13},"end":{"line":10,"column":null}},"4":{"start":{"line":8,"column":13},"end":{"line":8,"column":25}}},"fnMap":{},"branchMap":{},"s":{"0":1,"1":1,"2":3,"3":1,"4":1},"f":{},"b":{}}
}
